FitnessApp1/app/build/intermediates/manifest_merge_blame_file/debug/manifest-merger-blame-debug-report.txt
1<?xml version="1.0" encoding="utf-8"?>
2<manifest xmlns:android="http://schemas.android.com/apk/res/android"
3    package="com.example.fitnessapp"
4    android:versionCode="1"
5    android:versionName="1.0" >
6
7    <uses-sdk
8        android:minSdkVersion="28"
8-->src\main\AndroidManifest.xml
9        android:targetSdkVersion="29" />
9-->src\main\AndroidManifest.xml
10
11    <uses-permission android:name="android.permission.CAMERA" />
11-->src\main\AndroidManifest.xml:5:5-65
11-->src\main\AndroidManifest.xml:5:22-62
12    <uses-permission android:name="android.permission.WRITE_EXTERNAL_STORAGE" />
12-->src\main\AndroidManifest.xml:6:5-81
12-->src\main\AndroidManifest.xml:6:22-78
13    <uses-permission android:name="android.permission.ACCESS_NETWORK_STATE" />
13-->[com.google.firebase:firebase-database:16.0.4] AndroidManifest.xml:22:5-79
13-->[com.google.firebase:firebase-database:16.0.4] AndroidManifest.xml:22:22-76
14    <uses-permission android:name="android.permission.INTERNET" />
14-->[com.google.firebase:firebase-database:16.0.4] AndroidManifest.xml:23:5-67
14-->[com.google.firebase:firebase-database:16.0.4] AndroidManifest.xml:23:22-64
15
16    <application
16-->src\main\AndroidManifest.xml:8:5-56:19
17        android:name="com.example.fitnessapp.ProgramData"
17-->src\main\AndroidManifest.xml:9:9-36
18        android:allowBackup="true"
18-->src\main\AndroidManifest.xml:10:9-35
19        android:appComponentFactory="androidx.core.app.CoreComponentFactory"
19-->[androidx.core:core:1.1.0] AndroidManifest.xml:24:18-86
20        android:debuggable="true"
21        android:icon="@mipmap/ic_launcher"
21-->src\main\AndroidManifest.xml:11:9-43
22        android:label="@string/app_name"
22-->src\main\AndroidManifest.xml:12:9-41
23        android:roundIcon="@mipmap/ic_launcher_round"
23-->src\main\AndroidManifest.xml:13:9-54
24        android:supportsRtl="true"
24-->src\main\AndroidManifest.xml:14:9-35
25        android:theme="@style/AppTheme.NoActionBar" >
25-->src\main\AndroidManifest.xml:15:9-52
26        <activity android:name="com.example.fitnessapp.ExerciseHistoryActivity" />
26-->src\main\AndroidManifest.xml:16:9-70
26-->src\main\AndroidManifest.xml:16:19-58
27        <activity android:name="com.example.fitnessapp.Workouts.ExerciseCustomViewActivity" />
27-->src\main\AndroidManifest.xml:17:9-73
27-->src\main\AndroidManifest.xml:17:19-70
28        <activity android:name="com.example.fitnessapp.Workouts.ChestExercisesActivity" />
28-->src\main\AndroidManifest.xml:18:9-69
28-->src\main\AndroidManifest.xml:18:19-66
29        <activity android:name="com.example.fitnessapp.Workouts.BackExercisesActivity" />
29-->src\main\AndroidManifest.xml:19:9-68
29-->src\main\AndroidManifest.xml:19:19-65
30        <activity android:name="com.example.fitnessapp.Workouts.BicepsExercisesActivity" />
30-->src\main\AndroidManifest.xml:20:9-70
30-->src\main\AndroidManifest.xml:20:19-67
31        <activity android:name="com.example.fitnessapp.Workouts.AbsExercisesActivity" />
31-->src\main\AndroidManifest.xml:21:9-67
31-->src\main\AndroidManifest.xml:21:19-64
32        <activity android:name="com.example.fitnessapp.Workouts.WorkoutActivity" />
32-->src\main\AndroidManifest.xml:22:9-62
32-->src\main\AndroidManifest.xml:22:19-59
33        <activity android:name="com.example.fitnessapp.GoalsActivity" />
33-->src\main\AndroidManifest.xml:23:9-51
33-->src\main\AndroidManifest.xml:23:19-48
34        <activity android:name="com.example.fitnessapp.ScanCodeActivity" />
34-->src\main\AndroidManifest.xml:24:9-54
34-->src\main\AndroidManifest.xml:24:19-51
35        <activity
35-->src\main\AndroidManifest.xml:25:9-28:71
36            android:name="com.example.fitnessapp.FoodActivity"
36-->src\main\AndroidManifest.xml:26:13-41
37            android:label="@string/title_activity_food"
37-->src\main\AndroidManifest.xml:27:13-56
38            android:theme="@style/AppTheme.NoActionBar.NoActionBar" />
38-->src\main\AndroidManifest.xml:28:13-68
39        <activity
39-->src\main\AndroidManifest.xml:29:9-32:59
40            android:name="com.example.fitnessapp.CaloriesDiaryActivity"
40-->src\main\AndroidManifest.xml:30:13-50
41            android:label="@string/title_activity_calories_diary"
41-->src\main\AndroidManifest.xml:31:13-66
42            android:theme="@style/AppTheme.NoActionBar" />
42-->src\main\AndroidManifest.xml:32:13-56
43        <activity
43-->src\main\AndroidManifest.xml:33:9-36:59
44            android:name="com.example.fitnessapp.PersonalInformationActivity"
44-->src\main\AndroidManifest.xml:34:13-56
45            android:label="@string/title_activity_personal_information"
45-->src\main\AndroidManifest.xml:35:13-72
46            android:theme="@style/AppTheme.NoActionBar" />
46-->src\main\AndroidManifest.xml:36:13-56
47        <activity
47-->src\main\AndroidManifest.xml:37:9-40:59
48            android:name="com.example.fitnessapp.HomePageActivity"
48-->src\main\AndroidManifest.xml:38:13-45
49            android:label="@string/title_activity_home_page"
49-->src\main\AndroidManifest.xml:39:13-61
50            android:theme="@style/AppTheme.NoActionBar" />
50-->src\main\AndroidManifest.xml:40:13-56
51        <activity
51-->src\main\AndroidManifest.xml:41:9-44:59
52            android:name="com.example.fitnessapp.SignUpActivity"
52-->src\main\AndroidManifest.xml:42:13-43
53            android:label="@string/title_activity_sign_up"
53-->src\main\AndroidManifest.xml:43:13-59
54            android:theme="@style/AppTheme.NoActionBar" />
54-->src\main\AndroidManifest.xml:44:13-56
55        <activity
55-->src\main\AndroidManifest.xml:45:9-48:59
56            android:name="com.example.fitnessapp.SignInActivity"
56-->src\main\AndroidManifest.xml:46:13-43
57            android:label="@string/title_activity_sign_in"
57-->src\main\AndroidManifest.xml:47:13-59
58            android:theme="@style/AppTheme.NoActionBar" />
58-->src\main\AndroidManifest.xml:48:13-56
59        <activity android:name="com.example.fitnessapp.MainActivity" >
59-->src\main\AndroidManifest.xml:49:9-55:20
59-->src\main\AndroidManifest.xml:49:19-47
60            <intent-filter>
60-->src\main\AndroidManifest.xml:50:13-54:29
61                <action android:name="android.intent.action.MAIN" />
61-->src\main\AndroidManifest.xml:51:17-69
61-->src\main\AndroidManifest.xml:51:25-66
62
63                <category android:name="android.intent.category.LAUNCHER" />
63-->src\main\AndroidManifest.xml:53:17-77
63-->src\main\AndroidManifest.xml:53:27-74
64            </intent-filter>
65        </activity>
66        <activity
66-->[com.google.firebase:firebase-auth:16.0.5] AndroidManifest.xml:24:9-31:50
67            android:name="com.google.firebase.auth.internal.FederatedSignInActivity"
67-->[com.google.firebase:firebase-auth:16.0.5] AndroidManifest.xml:25:13-85
68            android:excludeFromRecents="true"
68-->[com.google.firebase:firebase-auth:16.0.5] AndroidManifest.xml:26:13-46
69            android:exported="true"
69-->[com.google.firebase:firebase-auth:16.0.5] AndroidManifest.xml:27:13-36
70            android:launchMode="singleTask"
70-->[com.google.firebase:firebase-auth:16.0.5] AndroidManifest.xml:28:13-44
71            android:permission="com.google.firebase.auth.api.gms.permission.LAUNCH_FEDERATED_SIGN_IN"
71-->[com.google.firebase:firebase-auth:16.0.5] AndroidManifest.xml:29:13-102
72            android:theme="@android:style/Theme.Translucent.NoTitleBar" />
72-->[com.google.firebase:firebase-auth:16.0.5] AndroidManifest.xml:30:13-72
73
74        <service
74-->[com.google.firebase:firebase-auth:16.0.5] AndroidManifest.xml:33:9-39:19
75            android:name="com.google.firebase.components.ComponentDiscoveryService"
75-->[com.google.firebase:firebase-auth:16.0.5] AndroidManifest.xml:34:13-84
76            android:exported="false" >
76-->[com.google.firebase:firebase-auth:16.0.5] AndroidManifest.xml:35:13-37
77            <meta-data
77-->[com.google.firebase:firebase-auth:16.0.5] AndroidManifest.xml:36:13-38:85
78                android:name="com.google.firebase.components:com.google.firebase.auth.FirebaseAuthRegistrar"
78-->[com.google.firebase:firebase-auth:16.0.5] AndroidManifest.xml:37:17-109
79                android:value="com.google.firebase.components.ComponentRegistrar" />
79-->[com.google.firebase:firebase-auth:16.0.5] AndroidManifest.xml:38:17-82
80            <meta-data
80-->[com.google.firebase:firebase-firestore:17.1.2] AndroidManifest.xml:15:13-17:85
81                android:name="com.google.firebase.components:com.google.firebase.firestore.FirestoreRegistrar"
81-->[com.google.firebase:firebase-firestore:17.1.2] AndroidManifest.xml:16:17-111
82                android:value="com.google.firebase.components.ComponentRegistrar" />
82-->[com.google.firebase:firebase-firestore:17.1.2] AndroidManifest.xml:17:17-82
83        </service>
84
85        <activity
85-->[com.google.android.gms:play-services-base:16.0.1] AndroidManifest.xml:23:9-26:75
86            android:name="com.google.android.gms.common.api.GoogleApiActivity"
86-->[com.google.android.gms:play-services-base:16.0.1] AndroidManifest.xml:24:13-79
87            android:exported="false"
87-->[com.google.android.gms:play-services-base:16.0.1] AndroidManifest.xml:25:13-37
88            android:theme="@android:style/Theme.Translucent.NoTitleBar" />
88-->[com.google.android.gms:play-services-base:16.0.1] AndroidManifest.xml:26:13-72
89
90        <provider
90-->[com.google.firebase:firebase-common:16.0.3] AndroidManifest.xml:10:9-14:39
91            android:name="com.google.firebase.provider.FirebaseInitProvider"
91-->[com.google.firebase:firebase-common:16.0.3] AndroidManifest.xml:11:13-77
92            android:authorities="com.example.fitnessapp.firebaseinitprovider"
92-->[com.google.firebase:firebase-common:16.0.3] AndroidManifest.xml:12:13-72
93            android:exported="false"
93-->[com.google.firebase:firebase-common:16.0.3] AndroidManifest.xml:13:13-37
94            android:initOrder="100" />
94-->[com.google.firebase:firebase-common:16.0.3] AndroidManifest.xml:14:13-36
95
96        <meta-data
96-->[com.google.android.gms:play-services-basement:16.1.0] AndroidManifest.xml:23:9-25:69
97            android:name="com.google.android.gms.version"
97-->[com.google.android.gms:play-services-basement:16.1.0] AndroidManifest.xml:24:13-58
98            android:value="@integer/google_play_services_version" />
98-->[com.google.android.gms:play-services-basement:16.1.0] AndroidManifest.xml:25:13-66
99    </application>
100
101</manifest>